#
# There is insufficient memory for the Java Runtime Environment to continue.
# Native memory allocation (malloc) failed to allocate 1048576 bytes for AllocateHeap
# Possible reasons:
#   The system is out of physical RAM or swap space
#   The process is running with CompressedOops enabled, and the Java Heap may be blocking the growth of the native heap
# Possible solutions:
#   Reduce memory load on the system
#   Increase physical memory or swap space
#   Check if swap backing store is full
#   Decrease Java heap size (-Xmx/-Xms)
#   Decrease number of Java threads
#   Decrease Java thread stack sizes (-Xss)
#   Set larger code cache with -XX:ReservedCodeCacheSize=
#   JVM is running with Unscaled Compressed Oops mode in which the Java heap is
#     placed in the first 4GB address space. The Java Heap base address is the
#     maximum limit for the native heap growth. Please use -XX:HeapBaseMinAddress
#     to set the Java Heap base and to place the Java Heap above 4GB virtual address.
# This output file may be truncated or incomplete.
#
#  Out of Memory Error (c:/cygwin64/tmp/openjdk-jdk11u-windows-x64-hotspot/workspace/build/src/src/hotspot/share/memory/allocation.cpp:46), pid=7068, tid=9404
#
# JRE version:  (11.0.6+10) (build )
# Java VM: OpenJDK 64-Bit Server VM (11.0.6+10, mixed mode, sharing, tiered, compressed oops, g1 gc, windows-amd64)
# No core dump will be written. Minidumps are not enabled by default on client versions of Windows
#

---------------  S U M M A R Y ------------

Command Line: -Dfile.encoding=UTF-8 Class.UserInterface

Host: Intel(R) Core(TM) i7-8565U CPU @ 1.80GHz, 8 cores, 23G,  Windows 10 , 64 bit Build 18362 (10.0.18362.1110)
Time: Mon Nov 23 16:39:47 2020 Malay Peninsula Standard Time elapsed time: 0 seconds (0d 0h 0m 0s)

---------------  T H R E A D  ---------------

Current thread (0x000001fdf5bdc000):  JavaThread "Unknown thread" [_thread_in_vm, id=9404, stack(0x00000081fce00000,0x00000081fcf00000)]

Stack: [0x00000081fce00000,0x00000081fcf00000]
Native frames: (J=compiled Java code, j=interpreted, Vv=VM code, C=native code)
V  [jvm.dll+0x5db25a]
V  [jvm.dll+0x7111de]
V  [jvm.dll+0x712877]
V  [jvm.dll+0x712f43]
V  [jvm.dll+0x23fe78]
V  [jvm.dll+0xb0564]
V  [jvm.dll+0x2ce5a3]
V  [jvm.dll+0x6ecec7]
V  [jvm.dll+0x6ee65f]
V  [jvm.dll+0x348309]
V  [jvm.dll+0x6d14e0]
V  [jvm.dll+0x3afe7f]
V  [jvm.dll+0x3b24c1]
C  [jli.dll+0x51fb]
C  [ucrtbase.dll+0x210b2]
C  [KERNEL32.DLL+0x17c24]
C  [ntdll.dll+0x6d4d1]


---------------  P R O C E S S  ---------------

Threads class SMR info:
_java_thread_list=0x000001fdf5a95550, length=0, elements={
}

Java Threads: ( => current thread )

Other Threads:

[error occurred during error reporting (printing all threads), id 0xc0000005, EXCEPTION_ACCESS_VIOLATION (0xc0000005) at pc=0x00007ff8ee7d62ed]

VM state:not at safepoint (not fully initialized)

VM Mutex/Monitor currently owned by a thread: None


[error occurred during error reporting (printing compressed oops mode), id 0xc0000005, EXCEPTION_ACCESS_VIOLATION (0xc0000005) at pc=0x00007ff8ee7edca7]

GC Heap History (0 events):
No events

Deoptimization events (0 events):
No events

Classes redefined (0 events):
No events

Internal exceptions (0 events):
No events

Events (2 events):
Event: 0.008 Loaded shared library C:\Program Files\AdoptOpenJDK\jdk-11.0.6.10-hotspot\bin\zip.dll
Event: 0.009 Loaded shared library C:\Program Files\AdoptOpenJDK\jdk-11.0.6.10-hotspot\bin\jimage.dll


Dynamic libraries:
0x00007ff7fee70000 - 0x00007ff7fee7d000 	C:\Program Files\AdoptOpenJDK\jdk-11.0.6.10-hotspot\bin\java.exe
0x00007ff9527a0000 - 0x00007ff952990000 	C:\WINDOWS\SYSTEM32\ntdll.dll
0x00007ff9509b0000 - 0x00007ff950a62000 	C:\WINDOWS\System32\KERNEL32.DLL
0x00007ff94f9a0000 - 0x00007ff94fc45000 	C:\WINDOWS\System32\KERNELBASE.dll
0x00007ff94fcb0000 - 0x00007ff94fdaa000 	C:\WINDOWS\System32\ucrtbase.dll
0x00007ff92f370000 - 0x00007ff92f386000 	C:\Program Files\AdoptOpenJDK\jdk-11.0.6.10-hotspot\bin\VCRUNTIME140.dll
0x00007ff92d5c0000 - 0x00007ff92d5d7000 	C:\Program Files\AdoptOpenJDK\jdk-11.0.6.10-hotspot\bin\jli.dll
0x00007ff950ec0000 - 0x00007ff951054000 	C:\WINDOWS\System32\USER32.dll
0x00007ff94f7a0000 - 0x00007ff94f7c1000 	C:\WINDOWS\System32\win32u.dll
0x00007ff942850000 - 0x00007ff942ad4000 	C:\WINDOWS\WinSxS\amd64_microsoft.windows.common-controls_6595b64144ccf1df_6.0.18362.1198_none_9e820b57e45ad92f\COMCTL32.dll
0x00007ff950a70000 - 0x00007ff950a96000 	C:\WINDOWS\System32\GDI32.dll
0x00007ff9525e0000 - 0x00007ff95267e000 	C:\WINDOWS\System32\msvcrt.dll
0x00007ff94f800000 - 0x00007ff94f996000 	C:\WINDOWS\System32\gdi32full.dll
0x00007ff94ff00000 - 0x00007ff94ff9e000 	C:\WINDOWS\System32\msvcp_win.dll
0x00007ff951fc0000 - 0x00007ff9522f5000 	C:\WINDOWS\System32\combase.dll
0x00007ff951e50000 - 0x00007ff951f70000 	C:\WINDOWS\System32\RPCRT4.dll
0x00007ff94f720000 - 0x00007ff94f7a0000 	C:\WINDOWS\System32\bcryptPrimitives.dll
0x00007ff951f90000 - 0x00007ff951fbe000 	C:\WINDOWS\System32\IMM32.DLL
0x00007ff926440000 - 0x00007ff9264db000 	C:\Program Files\AdoptOpenJDK\jdk-11.0.6.10-hotspot\bin\msvcp140.dll
0x00007ff8ee100000 - 0x00007ff8eebbc000 	C:\Program Files\AdoptOpenJDK\jdk-11.0.6.10-hotspot\bin\server\jvm.dll
0x00007ff950aa0000 - 0x00007ff950b43000 	C:\WINDOWS\System32\ADVAPI32.dll
0x00007ff9523c0000 - 0x00007ff952457000 	C:\WINDOWS\System32\sechost.dll
0x00007ff951190000 - 0x00007ff951198000 	C:\WINDOWS\System32\PSAPI.DLL
0x00007ff94db60000 - 0x00007ff94db84000 	C:\WINDOWS\SYSTEM32\WINMM.dll
0x00007ff934cc0000 - 0x00007ff934cc9000 	C:\WINDOWS\SYSTEM32\WSOCK32.dll
0x00007ff952680000 - 0x00007ff9526ef000 	C:\WINDOWS\System32\WS2_32.dll
0x00007ff946050000 - 0x00007ff94605a000 	C:\WINDOWS\SYSTEM32\VERSION.dll
0x00007ff94da60000 - 0x00007ff94da8d000 	C:\WINDOWS\SYSTEM32\winmmbase.dll
0x00007ff94ffa0000 - 0x00007ff94ffea000 	C:\WINDOWS\System32\cfgmgr32.dll
0x00007ff94f660000 - 0x00007ff94f671000 	C:\WINDOWS\System32\kernel.appcore.dll
0x00007ff94acc0000 - 0x00007ff94acd0000 	C:\Program Files\AdoptOpenJDK\jdk-11.0.6.10-hotspot\bin\verify.dll
0x00007ff94d5c0000 - 0x00007ff94d7b4000 	C:\WINDOWS\SYSTEM32\DBGHELP.DLL
0x00007ff9454a0000 - 0x00007ff9454ca000 	C:\WINDOWS\SYSTEM32\dbgcore.DLL
0x00007ff92bdc0000 - 0x00007ff92bde8000 	C:\Program Files\AdoptOpenJDK\jdk-11.0.6.10-hotspot\bin\java.dll
0x00007ff92d0d0000 - 0x00007ff92d0e7000 	C:\Program Files\AdoptOpenJDK\jdk-11.0.6.10-hotspot\bin\zip.dll
0x00007ff944ad0000 - 0x00007ff944ada000 	C:\Program Files\AdoptOpenJDK\jdk-11.0.6.10-hotspot\bin\jimage.dll

dbghelp: loaded successfully - version: 4.0.5 - missing functions: none
symbol engine: initialized successfully - sym options: 0x614 - pdb path: .;C:\Program Files\AdoptOpenJDK\jdk-11.0.6.10-hotspot\bin;C:\WINDOWS\SYSTEM32;C:\WINDOWS\WinSxS\amd64_microsoft.windows.common-controls_6595b64144ccf1df_6.0.18362.1198_none_9e820b57e45ad92f;C:\Program Files\AdoptOpenJDK\jdk-11.0.6.10-hotspot\bin\server

VM Arguments:
jvm_args: -Dfile.encoding=UTF-8 
java_command: Class.UserInterface
java_class_path (initial): C:\Users\Nicky\AppData\Local\Temp\cp_grbdhcrsnqmrnbz39l694ght.jar
Launcher Type: SUN_STANDARD

[Global flags]
     intx CICompilerCount                          = 4                                         {product} {ergonomic}
     uint G1ConcRefinementThreads                  = 8                                         {product} {ergonomic}
   size_t G1HeapRegionSize                         = 1048576                                   {product} {ergonomic}
    uintx GCDrainStackTargetSize                   = 64                                        {product} {ergonomic}
   size_t InitialHeapSize                          = 400556032                                 {product} {ergonomic}
   size_t MaxHeapSize                              = 6392119296                                {product} {ergonomic}
   size_t MinHeapDeltaBytes                        = 1048576                                   {product} {ergonomic}
    uintx NonNMethodCodeHeapSize                   = 5836300                                {pd product} {ergonomic}
    uintx NonProfiledCodeHeapSize                  = 122910970                              {pd product} {ergonomic}
    uintx ProfiledCodeHeapSize                     = 122910970                              {pd product} {ergonomic}
    uintx ReservedCodeCacheSize                    = 251658240                              {pd product} {ergonomic}
     bool SegmentedCodeCache                       = true                                      {product} {ergonomic}
     bool UseCompressedClassPointers               = true                                 {lp64_product} {ergonomic}
     bool UseCompressedOops                        = true                                 {lp64_product} {ergonomic}
     bool UseG1GC                                  = true                                      {product} {ergonomic}
     bool UseLargePagesIndividualAllocation        = false                                  {pd product} {ergonomic}

Logging:
Log output configuration:
 #0: stdout all=warning uptime,level,tags
 #1: stderr all=off uptime,level,tags

Environment Variables:
PATH=C:\Python38\Scripts\;C:\Python38\;C:\Program Files\AdoptOpenJDK\jdk-11.0.6.10-hotspot\bin;C:\Program Files (x86)\Common Files\Oracle\Java\javapath;C:\Windows\system32;C:\Windows;C:\Windows\System32\Wbem;C:\Windows\System32\WindowsPowerShell\v1.0\;C:\Windows\System32\OpenSSH\;C:\Program Files (x86)\Intel\Intel(R) Management Engine Components\DAL;C:\Program Files\Intel\Intel(R) Management Engine Components\DAL;C:\Program Files\Intel\WiFi\bin\;C:\Program Files\Common Files\Intel\WirelessCommon\;C:\Program Files (x86)\NVIDIA Corporation\PhysX\Common;C:\Program Files\dotnet\;C:\WINDOWS\system32;C:\WINDOWS;C:\WINDOWS\System32\Wbem;C:\WINDOWS\System32\WindowsPowerShell\v1.0\;C:\WINDOWS\System32\OpenSSH\;D:\Program Files\nodejs\;C:\ProgramData\chocolatey\bin;D:\Program Files\Git\cmd;C:\Program Files (x86)\Microsoft SQL Server\150\DTS\Binn\;C:\Program Files\Azure Data Studio\bin;C:\Program Files\MySQL\MySQL Shell 8.0\bin\;C:\Users\Nicky\AppData\Local\Microsoft\WindowsApps;D:\Program Files\JetBrains\PyCharm Community Edition 2019.2.3\bin;;D:\Program Files (x86)\Graphviz2.38\bin;C:\Users\Nicky\AppData\Local\GitHubDesktop\bin;C:\Users\Nicky\AppData\Roaming\npm;C:\Users\Nicky\AppData\Local\Programs\Microsoft VS Code\bin;C:\Program Files\Azure Data Studio\bin
USERNAME=Nicky
OS=Windows_NT
PROCESSOR_IDENTIFIER=Intel64 Family 6 Model 142 Stepping 11, GenuineIntel



---------------  S Y S T E M  ---------------

OS: Windows 10 , 64 bit Build 18362 (10.0.18362.1110)

CPU:total 8 (initial active 8) (4 cores per cpu, 2 threads per core) family 6 model 142 stepping 11, cmov, cx8, fxsr, mmx, sse, sse2, sse3, ssse3, sse4.1, sse4.2, popcnt, avx, avx2, aes, clmul, erms, 3dnowpref, lzcnt, ht, tsc, tscinvbit, bmi1, bmi2, adx, fma

Memory: 4k page, system-wide physical 24383M (12309M free)
TotalPageFile size 37648M (AvailPageFile size 4M)
current process WorkingSet (physical memory assigned to process): 9M, peak: 9M
current process commit charge ("private bytes"): 15M, peak: 16M

vm_info: OpenJDK 64-Bit Server VM (11.0.6+10) for windows-amd64 JRE (11.0.6+10), built on Jan 15 2020 06:14:58 by "" with MS VC++ 15.8 (VS2017)

END.
